Determining if the pthread_create exist failed with the following output:
Change Dir: /home/tison/Desktop/Secure_and_Dependable_Systems-master/HW1/stack/build/CMakeFiles/CMakeTmp

Run Build Command:"/usr/bin/make" "cmTC_c28ec/fast"
/usr/bin/make -f CMakeFiles/cmTC_c28ec.dir/build.make CMakeFiles/cmTC_c28ec.dir/build
make[1]: Entering directory '/home/tison/Desktop/Secure_and_Dependable_Systems-master/HW1/stack/build/CMakeFiles/CMakeTmp'
Building C object CMakeFiles/cmTC_c28ec.dir/CheckSymbolExists.c.o
/usr/bin/cc    -g -O0 -Wall -W -fprofile-arcs -ftest-coverage    -o CMakeFiles/cmTC_c28ec.dir/CheckSymbolExists.c.o   -c /home/tison/Desktop/Secure_and_Dependable_Systems-master/HW1/stack/build/CMakeFiles/CMakeTmp/CheckSymbolExists.c
Linking C executable cmTC_c28ec
/usr/bin/cmake -E cmake_link_script CMakeFiles/cmTC_c28ec.dir/link.txt --verbose=1
/usr/bin/cc  -g -O0 -Wall -W -fprofile-arcs -ftest-coverage     CMakeFiles/cmTC_c28ec.dir/CheckSymbolExists.c.o  -o cmTC_c28ec -rdynamic 
CMakeFiles/cmTC_c28ec.dir/CheckSymbolExists.c.o: In function `main':
/home/tison/Desktop/Secure_and_Dependable_Systems-master/HW1/stack/build/CMakeFiles/CMakeTmp/CheckSymbolExists.c:8: undefined reference to `pthread_create'
collect2: error: ld returned 1 exit status
CMakeFiles/cmTC_c28ec.dir/build.make:97: recipe for target 'cmTC_c28ec' failed
make[1]: *** [cmTC_c28ec] Error 1
make[1]: Leaving directory '/home/tison/Desktop/Secure_and_Dependable_Systems-master/HW1/stack/build/CMakeFiles/CMakeTmp'
Makefile:126: recipe for target 'cmTC_c28ec/fast' failed
make: *** [cmTC_c28ec/fast] Error 2

File /home/tison/Desktop/Secure_and_Dependable_Systems-master/HW1/stack/build/CMakeFiles/CMakeTmp/CheckSymbolExists.c:
/* */
#include <pthread.h>

int main(int argc, char** argv)
{
  (void)argv;
#ifndef pthread_create
  return ((int*)(&pthread_create))[argc];
#else
  (void)argc;
  return 0;
#endif
}

Determining if the function pthread_create exists in the pthreads failed with the following output:
Change Dir: /home/tison/Desktop/Secure_and_Dependable_Systems-master/HW1/stack/build/CMakeFiles/CMakeTmp

Run Build Command:"/usr/bin/make" "cmTC_9a103/fast"
/usr/bin/make -f CMakeFiles/cmTC_9a103.dir/build.make CMakeFiles/cmTC_9a103.dir/build
make[1]: Entering directory '/home/tison/Desktop/Secure_and_Dependable_Systems-master/HW1/stack/build/CMakeFiles/CMakeTmp'
Building C object CMakeFiles/cmTC_9a103.dir/CheckFunctionExists.c.o
/usr/bin/cc    -g -O0 -Wall -W -fprofile-arcs -ftest-coverage -DCHECK_FUNCTION_EXISTS=pthread_create   -o CMakeFiles/cmTC_9a103.dir/CheckFunctionExists.c.o   -c /usr/share/cmake-3.5/Modules/CheckFunctionExists.c
Linking C executable cmTC_9a103
/usr/bin/cmake -E cmake_link_script CMakeFiles/cmTC_9a103.dir/link.txt --verbose=1
/usr/bin/cc  -g -O0 -Wall -W -fprofile-arcs -ftest-coverage -DCHECK_FUNCTION_EXISTS=pthread_create    CMakeFiles/cmTC_9a103.dir/CheckFunctionExists.c.o  -o cmTC_9a103 -rdynamic -lpthreads 
/usr/bin/ld: cannot find -lpthreads
collect2: error: ld returned 1 exit status
CMakeFiles/cmTC_9a103.dir/build.make:97: recipe for target 'cmTC_9a103' failed
make[1]: *** [cmTC_9a103] Error 1
make[1]: Leaving directory '/home/tison/Desktop/Secure_and_Dependable_Systems-master/HW1/stack/build/CMakeFiles/CMakeTmp'
Makefile:126: recipe for target 'cmTC_9a103/fast' failed
make: *** [cmTC_9a103/fast] Error 2


