Determining if the pthread_create exist failed with the following output:
Change Dir: /home/tison/Downloads/rpnc/build/CMakeFiles/CMakeTmp

Run Build Command:"/usr/bin/make" "cmTC_62896/fast"
/usr/bin/make -f CMakeFiles/cmTC_62896.dir/build.make CMakeFiles/cmTC_62896.dir/build
make[1]: Entering directory '/home/tison/Downloads/rpnc/build/CMakeFiles/CMakeTmp'
Building C object CMakeFiles/cmTC_62896.dir/CheckSymbolExists.c.o
/usr/bin/cc    -g -O0 -Wall -W -fprofile-arcs -ftest-coverage    -o CMakeFiles/cmTC_62896.dir/CheckSymbolExists.c.o   -c /home/tison/Downloads/rpnc/build/CMakeFiles/CMakeTmp/CheckSymbolExists.c
Linking C executable cmTC_62896
/usr/bin/cmake -E cmake_link_script CMakeFiles/cmTC_62896.dir/link.txt --verbose=1
/usr/bin/cc  -g -O0 -Wall -W -fprofile-arcs -ftest-coverage     CMakeFiles/cmTC_62896.dir/CheckSymbolExists.c.o  -o cmTC_62896 -rdynamic 
CMakeFiles/cmTC_62896.dir/CheckSymbolExists.c.o: In function `main':
/home/tison/Downloads/rpnc/build/CMakeFiles/CMakeTmp/CheckSymbolExists.c:8: undefined reference to `pthread_create'
collect2: error: ld returned 1 exit status
CMakeFiles/cmTC_62896.dir/build.make:97: recipe for target 'cmTC_62896' failed
make[1]: *** [cmTC_62896] Error 1
make[1]: Leaving directory '/home/tison/Downloads/rpnc/build/CMakeFiles/CMakeTmp'
Makefile:126: recipe for target 'cmTC_62896/fast' failed
make: *** [cmTC_62896/fast] Error 2

File /home/tison/Downloads/rpnc/build/CMakeFiles/CMakeTmp/CheckSymbolExists.c:
/* */
#include <pthread.h>

int main(int argc, char** argv)
{
  (void)argv;
#ifndef pthread_create
  return ((int*)(&pthread_create))[argc];
#else
  (void)argc;
  return 0;
#endif
}

Determining if the function pthread_create exists in the pthreads failed with the following output:
Change Dir: /home/tison/Downloads/rpnc/build/CMakeFiles/CMakeTmp

Run Build Command:"/usr/bin/make" "cmTC_65184/fast"
/usr/bin/make -f CMakeFiles/cmTC_65184.dir/build.make CMakeFiles/cmTC_65184.dir/build
make[1]: Entering directory '/home/tison/Downloads/rpnc/build/CMakeFiles/CMakeTmp'
Building C object CMakeFiles/cmTC_65184.dir/CheckFunctionExists.c.o
/usr/bin/cc    -g -O0 -Wall -W -fprofile-arcs -ftest-coverage -DCHECK_FUNCTION_EXISTS=pthread_create   -o CMakeFiles/cmTC_65184.dir/CheckFunctionExists.c.o   -c /usr/share/cmake-3.5/Modules/CheckFunctionExists.c
Linking C executable cmTC_65184
/usr/bin/cmake -E cmake_link_script CMakeFiles/cmTC_65184.dir/link.txt --verbose=1
/usr/bin/cc  -g -O0 -Wall -W -fprofile-arcs -ftest-coverage -DCHECK_FUNCTION_EXISTS=pthread_create    CMakeFiles/cmTC_65184.dir/CheckFunctionExists.c.o  -o cmTC_65184 -rdynamic -lpthreads 
/usr/bin/ld: cannot find -lpthreads
collect2: error: ld returned 1 exit status
CMakeFiles/cmTC_65184.dir/build.make:97: recipe for target 'cmTC_65184' failed
make[1]: *** [cmTC_65184] Error 1
make[1]: Leaving directory '/home/tison/Downloads/rpnc/build/CMakeFiles/CMakeTmp'
Makefile:126: recipe for target 'cmTC_65184/fast' failed
make: *** [cmTC_65184/fast] Error 2


